mode: atomic
github.com/tos-network/ipfs-imo/ipfs.go:55.34,56.32 1 6
github.com/tos-network/ipfs-imo/ipfs.go:56.32,58.3 1 6
github.com/tos-network/ipfs-imo/ipfs.go:91.18,93.16 1 6
github.com/tos-network/ipfs-imo/ipfs.go:93.16,95.3 1 6
github.com/tos-network/ipfs-imo/ipfs.go:97.2,108.16 4 6
github.com/tos-network/ipfs-imo/ipfs.go:108.16,110.3 1 0
github.com/tos-network/ipfs-imo/ipfs.go:111.2,112.16 2 6
github.com/tos-network/ipfs-imo/ipfs.go:112.16,114.3 1 0
github.com/tos-network/ipfs-imo/ipfs.go:115.2,116.16 2 6
github.com/tos-network/ipfs-imo/ipfs.go:116.16,119.3 2 0
github.com/tos-network/ipfs-imo/ipfs.go:120.2,121.16 2 6
github.com/tos-network/ipfs-imo/ipfs.go:121.16,124.3 2 0
github.com/tos-network/ipfs-imo/ipfs.go:126.2,128.15 2 6
github.com/tos-network/ipfs-imo/ipfs.go:131.64,133.15 2 6
github.com/tos-network/ipfs-imo/ipfs.go:133.15,135.3 1 6
github.com/tos-network/ipfs-imo/ipfs.go:138.2,140.31 2 6
github.com/tos-network/ipfs-imo/ipfs.go:140.31,142.17 2 6
github.com/tos-network/ipfs-imo/ipfs.go:142.17,144.4 1 0
github.com/tos-network/ipfs-imo/ipfs.go:146.2,147.12 2 6
github.com/tos-network/ipfs-imo/ipfs.go:150.42,151.19 1 6
github.com/tos-network/ipfs-imo/ipfs.go:151.19,154.3 2 0
github.com/tos-network/ipfs-imo/ipfs.go:156.2,160.12 5 6
github.com/tos-network/ipfs-imo/ipfs.go:163.40,166.2 2 6
github.com/tos-network/ipfs-imo/ipfs.go:168.40,169.50 1 6
github.com/tos-network/ipfs-imo/ipfs.go:169.50,172.3 2 0
github.com/tos-network/ipfs-imo/ipfs.go:174.2,179.16 2 6
github.com/tos-network/ipfs-imo/ipfs.go:179.16,181.3 1 0
github.com/tos-network/ipfs-imo/ipfs.go:182.2,184.12 2 6
github.com/tos-network/ipfs-imo/ipfs.go:187.28,191.2 3 6
github.com/tos-network/ipfs-imo/ipfs.go:198.49,202.30 3 6
github.com/tos-network/ipfs-imo/ipfs.go:202.30,205.32 2 6
github.com/tos-network/ipfs-imo/ipfs.go:205.32,208.18 3 6
github.com/tos-network/ipfs-imo/ipfs.go:208.18,211.5 2 0
github.com/tos-network/ipfs-imo/ipfs.go:212.4,213.27 2 6
github.com/tos-network/ipfs-imo/ipfs.go:217.2,217.12 1 6
github.com/tos-network/ipfs-imo/ipfs.go:217.12,220.3 2 6
github.com/tos-network/ipfs-imo/ipfs.go:222.2,223.22 2 6
github.com/tos-network/ipfs-imo/ipfs.go:223.22,225.3 1 6
github.com/tos-network/ipfs-imo/ipfs.go:226.2,226.40 1 6
github.com/tos-network/ipfs-imo/ipfs.go:226.40,228.3 1 0
github.com/tos-network/ipfs-imo/ipfs.go:230.2,231.16 2 6
github.com/tos-network/ipfs-imo/ipfs.go:231.16,234.3 2 0
github.com/tos-network/ipfs-imo/ipfs.go:238.61,240.24 2 1
github.com/tos-network/ipfs-imo/ipfs.go:240.24,242.3 1 0
github.com/tos-network/ipfs-imo/ipfs.go:243.2,243.11 1 1
github.com/tos-network/ipfs-imo/ipfs.go:261.96,262.19 1 1
github.com/tos-network/ipfs-imo/ipfs.go:262.19,264.3 1 1
github.com/tos-network/ipfs-imo/ipfs.go:265.2,265.26 1 1
github.com/tos-network/ipfs-imo/ipfs.go:265.26,267.3 1 1
github.com/tos-network/ipfs-imo/ipfs.go:269.2,270.16 2 1
github.com/tos-network/ipfs-imo/ipfs.go:270.16,272.3 1 0
github.com/tos-network/ipfs-imo/ipfs.go:274.2,275.9 2 1
github.com/tos-network/ipfs-imo/ipfs.go:275.9,277.3 1 0
github.com/tos-network/ipfs-imo/ipfs.go:278.2,290.16 5 1
github.com/tos-network/ipfs-imo/ipfs.go:290.16,292.3 1 0
github.com/tos-network/ipfs-imo/ipfs.go:293.2,294.16 2 1
github.com/tos-network/ipfs-imo/ipfs.go:294.16,296.3 1 0
github.com/tos-network/ipfs-imo/ipfs.go:298.2,299.23 2 1
github.com/tos-network/ipfs-imo/ipfs.go:300.17,301.31 1 0
github.com/tos-network/ipfs-imo/ipfs.go:302.22,303.32 1 1
github.com/tos-network/ipfs-imo/ipfs.go:304.10,305.43 1 0
github.com/tos-network/ipfs-imo/ipfs.go:307.2,307.15 1 1
github.com/tos-network/ipfs-imo/ipfs.go:312.86,314.16 2 1
github.com/tos-network/ipfs-imo/ipfs.go:314.16,316.3 1 0
github.com/tos-network/ipfs-imo/ipfs.go:317.2,317.38 1 1
github.com/tos-network/ipfs-imo/ipfs.go:321.51,323.2 1 2
github.com/tos-network/ipfs-imo/ipfs.go:327.71,329.2 1 0
github.com/tos-network/ipfs-imo/ipfs.go:332.46,334.2 1 0
github.com/tos-network/ipfs-imo/ipfs.go:337.57,339.2 1 0
github.com/tos-network/ipfs-imo/util.go:27.46,30.2 2 0
github.com/tos-network/ipfs-imo/util.go:34.48,36.2 1 6
github.com/tos-network/ipfs-imo/util.go:70.36,76.19 4 6
github.com/tos-network/ipfs-imo/util.go:76.19,82.3 1 6
github.com/tos-network/ipfs-imo/util.go:84.2,89.65 1 6
github.com/tos-network/ipfs-imo/util.go:89.65,92.4 2 6
github.com/tos-network/ipfs-imo/util.go:94.2,99.16 3 6
github.com/tos-network/ipfs-imo/util.go:99.16,101.3 1 0
github.com/tos-network/ipfs-imo/util.go:103.2,103.21 1 6
github.com/tos-network/ipfs-imo/util.go:106.92,113.15 2 6
github.com/tos-network/ipfs-imo/util.go:113.15,115.3 1 0
github.com/tos-network/ipfs-imo/util.go:117.2,117.40 1 6
